;  LST file generated by mikroListExporter - v.2.0 
; Date/Time: 8/22/2017 9:51:37 PM
;----------------------------------------------

;Address Opcode 	ASM
0x0000	0xF000EFF5  	GOTO        490
0x0004	0x0000      	NOP
0x0006	0x0000      	NOP
0x0008	0xF000EF00  	GOTO        0
0x000C	0x0000      	NOP
0x000E	0x0000      	NOP
0x0010	0x0000      	NOP
0x0012	0x0000      	NOP
0x0014	0x0000      	NOP
0x0016	0x0000      	NOP
0x0018	0xD7F3      	BRA         0
_Delay_1us:
;__Lib_Delays.c,7 :: 		void Delay_1us() {
;__Lib_Delays.c,8 :: 		Delay_us(1);
0x001C	0x0000      	NOP
0x001E	0x0000      	NOP
;__Lib_Delays.c,9 :: 		}
L_end_Delay_1us:
0x0020	0x0012      	RETURN      0
; end of _Delay_1us
_Delay_5500us:
;__Lib_Delays.c,31 :: 		void Delay_5500us() {
;__Lib_Delays.c,32 :: 		Delay_us(5500);
0x0022	0x0E0F      	MOVLW       15
0x0024	0x6E0C      	MOVWF       R12, 0
0x0026	0x0E47      	MOVLW       71
0x0028	0x6E0D      	MOVWF       R13, 0
L_Delay_5500us5:
0x002A	0x2E0D      	DECFSZ      R13, 1, 0
0x002C	0xD7FE      	BRA         L_Delay_5500us5
0x002E	0x2E0C      	DECFSZ      R12, 1, 0
0x0030	0xD7FC      	BRA         L_Delay_5500us5
0x0032	0x0000      	NOP
0x0034	0x0000      	NOP
;__Lib_Delays.c,33 :: 		}
L_end_Delay_5500us:
0x0036	0x0012      	RETURN      0
; end of _Delay_5500us
_Delay_50us:
;__Lib_Delays.c,19 :: 		void Delay_50us() {
;__Lib_Delays.c,20 :: 		Delay_us(50);
0x0038	0x0E21      	MOVLW       33
0x003A	0x6E0D      	MOVWF       R13, 0
L_Delay_50us2:
0x003C	0x2E0D      	DECFSZ      R13, 1, 0
0x003E	0xD7FE      	BRA         L_Delay_50us2
;__Lib_Delays.c,21 :: 		}
L_end_Delay_50us:
0x0040	0x0012      	RETURN      0
; end of _Delay_50us
_Lcd_Cmd:
;__Lib_Lcd.c,18 :: 		
;__Lib_Lcd.c,20 :: 		
0x0042	0xBE4F      	BTFSC       FARG_Lcd_Cmd_out_char, 7 
0x0044	0xD002      	BRA         L__Lcd_Cmd21
0x0046	0x9682      	BCF         LCD_D7, BitPos(LCD_D7+0) 
0x0048	0xD001      	BRA         L__Lcd_Cmd22
L__Lcd_Cmd21:
0x004A	0x8682      	BSF         LCD_D7, BitPos(LCD_D7+0) 
L__Lcd_Cmd22:
;__Lib_Lcd.c,21 :: 		
0x004C	0xBC4F      	BTFSC       FARG_Lcd_Cmd_out_char, 6 
0x004E	0xD002      	BRA         L__Lcd_Cmd23
0x0050	0x9482      	BCF         LCD_D6, BitPos(LCD_D6+0) 
0x0052	0xD001      	BRA         L__Lcd_Cmd24
L__Lcd_Cmd23:
0x0054	0x8482      	BSF         LCD_D6, BitPos(LCD_D6+0) 
L__Lcd_Cmd24:
;__Lib_Lcd.c,22 :: 		
0x0056	0xBA4F      	BTFSC       FARG_Lcd_Cmd_out_char, 5 
0x0058	0xD002      	BRA         L__Lcd_Cmd25
0x005A	0x9282      	BCF         LCD_D5, BitPos(LCD_D5+0) 
0x005C	0xD001      	BRA         L__Lcd_Cmd26
L__Lcd_Cmd25:
0x005E	0x8282      	BSF         LCD_D5, BitPos(LCD_D5+0) 
L__Lcd_Cmd26:
;__Lib_Lcd.c,23 :: 		
0x0060	0xB84F      	BTFSC       FARG_Lcd_Cmd_out_char, 4 
0x0062	0xD002      	BRA         L__Lcd_Cmd27
0x0064	0x9082      	BCF         LCD_D4, BitPos(LCD_D4+0) 
0x0066	0xD001      	BRA         L__Lcd_Cmd28
L__Lcd_Cmd27:
0x0068	0x8082      	BSF         LCD_D4, BitPos(LCD_D4+0) 
L__Lcd_Cmd28:
;__Lib_Lcd.c,25 :: 		
0x006A	0xB048      	BTFSC       __Lib_Lcd_cmd_status, BitPos(__Lib_Lcd_cmd_status+0) 
0x006C	0xD002      	BRA         L__Lcd_Cmd29
0x006E	0x8882      	BSF         LCD_RS, BitPos(LCD_RS+0) 
0x0070	0xD001      	BRA         L__Lcd_Cmd30
L__Lcd_Cmd29:
0x0072	0x9882      	BCF         LCD_RS, BitPos(LCD_RS+0) 
L__Lcd_Cmd30:
;__Lib_Lcd.c,28 :: 		
0x0074	0x8A82      	BSF         LCD_EN, BitPos(LCD_EN+0) 
;__Lib_Lcd.c,29 :: 		
0x0076	0xDFD2      	RCALL       _Delay_1us
;__Lib_Lcd.c,30 :: 		
0x0078	0x9A82      	BCF         LCD_EN, BitPos(LCD_EN+0) 
;__Lib_Lcd.c,33 :: 		
0x007A	0xB64F      	BTFSC       FARG_Lcd_Cmd_out_char, 3 
0x007C	0xD002      	BRA         L__Lcd_Cmd31
0x007E	0x9682      	BCF         LCD_D7, BitPos(LCD_D7+0) 
0x0080	0xD001      	BRA         L__Lcd_Cmd32
L__Lcd_Cmd31:
0x0082	0x8682      	BSF         LCD_D7, BitPos(LCD_D7+0) 
L__Lcd_Cmd32:
;__Lib_Lcd.c,34 :: 		
0x0084	0xB44F      	BTFSC       FARG_Lcd_Cmd_out_char, 2 
0x0086	0xD002      	BRA         L__Lcd_Cmd33
0x0088	0x9482      	BCF         LCD_D6, BitPos(LCD_D6+0) 
0x008A	0xD001      	BRA         L__Lcd_Cmd34
L__Lcd_Cmd33:
0x008C	0x8482      	BSF         LCD_D6, BitPos(LCD_D6+0) 
L__Lcd_Cmd34:
;__Lib_Lcd.c,35 :: 		
0x008E	0xB24F      	BTFSC       FARG_Lcd_Cmd_out_char, 1 
0x0090	0xD002      	BRA         L__Lcd_Cmd35
0x0092	0x9282      	BCF         LCD_D5, BitPos(LCD_D5+0) 
0x0094	0xD001      	BRA         L__Lcd_Cmd36
L__Lcd_Cmd35:
0x0096	0x8282      	BSF         LCD_D5, BitPos(LCD_D5+0) 
L__Lcd_Cmd36:
;__Lib_Lcd.c,36 :: 		
0x0098	0xB04F      	BTFSC       FARG_Lcd_Cmd_out_char, 0 
0x009A	0xD002      	BRA         L__Lcd_Cmd37
0x009C	0x9082      	BCF         LCD_D4, BitPos(LCD_D4+0) 
0x009E	0xD001      	BRA         L__Lcd_Cmd38
L__Lcd_Cmd37:
0x00A0	0x8082      	BSF         LCD_D4, BitPos(LCD_D4+0) 
L__Lcd_Cmd38:
;__Lib_Lcd.c,38 :: 		
0x00A2	0xB048      	BTFSC       __Lib_Lcd_cmd_status, BitPos(__Lib_Lcd_cmd_status+0) 
0x00A4	0xD002      	BRA         L__Lcd_Cmd39
0x00A6	0x8882      	BSF         LCD_RS, BitPos(LCD_RS+0) 
0x00A8	0xD001      	BRA         L__Lcd_Cmd40
L__Lcd_Cmd39:
0x00AA	0x9882      	BCF         LCD_RS, BitPos(LCD_RS+0) 
L__Lcd_Cmd40:
;__Lib_Lcd.c,40 :: 		
0x00AC	0x8A82      	BSF         LCD_EN, BitPos(LCD_EN+0) 
;__Lib_Lcd.c,41 :: 		
0x00AE	0xDFB6      	RCALL       _Delay_1us
;__Lib_Lcd.c,42 :: 		
0x00B0	0x9A82      	BCF         LCD_EN, BitPos(LCD_EN+0) 
;__Lib_Lcd.c,44 :: 		
0x00B2	0xA048      	BTFSS       __Lib_Lcd_cmd_status, BitPos(__Lib_Lcd_cmd_status+0) 
0x00B4	0xD002      	BRA         L_Lcd_Cmd0
;__Lib_Lcd.c,45 :: 		
0x00B6	0xDFB5      	RCALL       _Delay_5500us
0x00B8	0xD001      	BRA         L_Lcd_Cmd1
L_Lcd_Cmd0:
;__Lib_Lcd.c,47 :: 		
0x00BA	0xDFBE      	RCALL       _Delay_50us
L_Lcd_Cmd1:
;__Lib_Lcd.c,48 :: 		
L_end_Lcd_Cmd:
0x00BC	0x0012      	RETURN      0
; end of _Lcd_Cmd
_Lcd_Chr_CP:
;__Lib_Lcd.c,50 :: 		
;__Lib_Lcd.c,52 :: 		
0x00BE	0x9048      	BCF         __Lib_Lcd_cmd_status, BitPos(__Lib_Lcd_cmd_status+0) 
;__Lib_Lcd.c,53 :: 		
0x00C0	0xF04FC04E  	MOVFF       FARG_Lcd_Chr_CP_out_char, FARG_Lcd_Cmd_out_char
0x00C4	0xDFBE      	RCALL       _Lcd_Cmd
;__Lib_Lcd.c,54 :: 		
0x00C6	0x8048      	BSF         __Lib_Lcd_cmd_status, BitPos(__Lib_Lcd_cmd_status+0) 
;__Lib_Lcd.c,55 :: 		
L_end_Lcd_Chr_CP:
0x00C8	0x0012      	RETURN      0
; end of _Lcd_Chr_CP
___CC2DW:
;__Lib_System.c,21 :: 		
;__Lib_System.c,23 :: 		
_CC2DL_Loop1:
;__Lib_System.c,24 :: 		
0x00CA	0x0009      	TBLRD*+
;__Lib_System.c,25 :: 		
0x00CC	0xFFE6CFF5  	MOVFF       TABLAT, POSTINC1
;__Lib_System.c,26 :: 		
0x00D0	0x0600      	DECF        R0, 1, 0
;__Lib_System.c,27 :: 		
0x00D2	0xE1FB      	BNZ         _CC2DL_Loop1
;__Lib_System.c,28 :: 		
0x00D4	0x0601      	DECF        R1, 1, 0
;__Lib_System.c,29 :: 		
0x00D6	0xE1F9      	BNZ         _CC2DL_Loop1
;__Lib_System.c,31 :: 		
L_end___CC2DW:
0x00D8	0x0012      	RETURN      0
; end of ___CC2DW
_Lcd_Init:
;__Lib_Lcd.c,84 :: 		
;__Lib_Lcd.c,86 :: 		
0x00DA	0x9A94      	BCF         LCD_EN_Direction, BitPos(LCD_EN_Direction+0) 
;__Lib_Lcd.c,87 :: 		
0x00DC	0x9894      	BCF         LCD_RS_Direction, BitPos(LCD_RS_Direction+0) 
;__Lib_Lcd.c,88 :: 		
0x00DE	0x9094      	BCF         LCD_D4_Direction, BitPos(LCD_D4_Direction+0) 
;__Lib_Lcd.c,89 :: 		
0x00E0	0x9294      	BCF         LCD_D5_Direction, BitPos(LCD_D5_Direction+0) 
;__Lib_Lcd.c,90 :: 		
0x00E2	0x9494      	BCF         LCD_D6_Direction, BitPos(LCD_D6_Direction+0) 
;__Lib_Lcd.c,91 :: 		
0x00E4	0x9694      	BCF         LCD_D7_Direction, BitPos(LCD_D7_Direction+0) 
;__Lib_Lcd.c,93 :: 		
0x00E6	0x9A82      	BCF         LCD_EN, BitPos(LCD_EN+0) 
;__Lib_Lcd.c,94 :: 		
0x00E8	0x9882      	BCF         LCD_RS, BitPos(LCD_RS+0) 
;__Lib_Lcd.c,95 :: 		
0x00EA	0x9682      	BCF         LCD_D7, BitPos(LCD_D7+0) 
;__Lib_Lcd.c,96 :: 		
0x00EC	0x9482      	BCF         LCD_D6, BitPos(LCD_D6+0) 
;__Lib_Lcd.c,97 :: 		
0x00EE	0x9282      	BCF         LCD_D5, BitPos(LCD_D5+0) 
;__Lib_Lcd.c,98 :: 		
0x00F0	0x9082      	BCF         LCD_D4, BitPos(LCD_D4+0) 
;__Lib_Lcd.c,100 :: 		
0x00F2	0xDF97      	RCALL       _Delay_5500us
;__Lib_Lcd.c,101 :: 		
0x00F4	0xDF96      	RCALL       _Delay_5500us
;__Lib_Lcd.c,102 :: 		
0x00F6	0xDF95      	RCALL       _Delay_5500us
;__Lib_Lcd.c,105 :: 		
0x00F8	0x8282      	BSF         LCD_D5, BitPos(LCD_D5+0) 
;__Lib_Lcd.c,106 :: 		
0x00FA	0x8082      	BSF         LCD_D4, BitPos(LCD_D4+0) 
;__Lib_Lcd.c,107 :: 		
0x00FC	0x8A82      	BSF         LCD_EN, BitPos(LCD_EN+0) 
;__Lib_Lcd.c,108 :: 		
0x00FE	0xDF8E      	RCALL       _Delay_1us
;__Lib_Lcd.c,109 :: 		
0x0100	0x9A82      	BCF         LCD_EN, BitPos(LCD_EN+0) 
;__Lib_Lcd.c,110 :: 		
0x0102	0xDF8F      	RCALL       _Delay_5500us
;__Lib_Lcd.c,112 :: 		
0x0104	0x8A82      	BSF         LCD_EN, BitPos(LCD_EN+0) 
;__Lib_Lcd.c,113 :: 		
0x0106	0xDF8A      	RCALL       _Delay_1us
;__Lib_Lcd.c,114 :: 		
0x0108	0x9A82      	BCF         LCD_EN, BitPos(LCD_EN+0) 
;__Lib_Lcd.c,115 :: 		
0x010A	0xDF8B      	RCALL       _Delay_5500us
;__Lib_Lcd.c,117 :: 		
0x010C	0x8A82      	BSF         LCD_EN, BitPos(LCD_EN+0) 
;__Lib_Lcd.c,118 :: 		
0x010E	0xDF86      	RCALL       _Delay_1us
;__Lib_Lcd.c,119 :: 		
0x0110	0x9A82      	BCF         LCD_EN, BitPos(LCD_EN+0) 
;__Lib_Lcd.c,120 :: 		
0x0112	0xDF87      	RCALL       _Delay_5500us
;__Lib_Lcd.c,123 :: 		
0x0114	0x9082      	BCF         LCD_D4, BitPos(LCD_D4+0) 
;__Lib_Lcd.c,124 :: 		
0x0116	0x8A82      	BSF         LCD_EN, BitPos(LCD_EN+0) 
;__Lib_Lcd.c,125 :: 		
0x0118	0xDF81      	RCALL       _Delay_1us
;__Lib_Lcd.c,126 :: 		
0x011A	0x9A82      	BCF         LCD_EN, BitPos(LCD_EN+0) 
;__Lib_Lcd.c,127 :: 		
0x011C	0xDF82      	RCALL       _Delay_5500us
;__Lib_Lcd.c,130 :: 		
0x011E	0x8A82      	BSF         LCD_EN, BitPos(LCD_EN+0) 
;__Lib_Lcd.c,131 :: 		
0x0120	0xDF7D      	RCALL       _Delay_1us
;__Lib_Lcd.c,132 :: 		
0x0122	0x9A82      	BCF         LCD_EN, BitPos(LCD_EN+0) 
;__Lib_Lcd.c,134 :: 		
0x0124	0x9282      	BCF         LCD_D5, BitPos(LCD_D5+0) 
;__Lib_Lcd.c,135 :: 		
0x0126	0x8682      	BSF         LCD_D7, BitPos(LCD_D7+0) 
;__Lib_Lcd.c,136 :: 		
0x0128	0x8A82      	BSF         LCD_EN, BitPos(LCD_EN+0) 
;__Lib_Lcd.c,137 :: 		
0x012A	0xDF78      	RCALL       _Delay_1us
;__Lib_Lcd.c,138 :: 		
0x012C	0x9A82      	BCF         LCD_EN, BitPos(LCD_EN+0) 
;__Lib_Lcd.c,139 :: 		
0x012E	0xDF79      	RCALL       _Delay_5500us
;__Lib_Lcd.c,142 :: 		
0x0130	0x9682      	BCF         LCD_D7, BitPos(LCD_D7+0) 
;__Lib_Lcd.c,143 :: 		
0x0132	0x8082      	BSF         LCD_D4, BitPos(LCD_D4+0) 
;__Lib_Lcd.c,144 :: 		
0x0134	0x8A82      	BSF         LCD_EN, BitPos(LCD_EN+0) 
;__Lib_Lcd.c,145 :: 		
0x0136	0xDF72      	RCALL       _Delay_1us
;__Lib_Lcd.c,146 :: 		
0x0138	0x9A82      	BCF         LCD_EN, BitPos(LCD_EN+0) 
;__Lib_Lcd.c,148 :: 		
0x013A	0x9082      	BCF         LCD_D4, BitPos(LCD_D4+0) 
;__Lib_Lcd.c,149 :: 		
0x013C	0x8A82      	BSF         LCD_EN, BitPos(LCD_EN+0) 
;__Lib_Lcd.c,150 :: 		
0x013E	0xDF6E      	RCALL       _Delay_1us
;__Lib_Lcd.c,151 :: 		
0x0140	0x9A82      	BCF         LCD_EN, BitPos(LCD_EN+0) 
;__Lib_Lcd.c,152 :: 		
0x0142	0xDF6F      	RCALL       _Delay_5500us
;__Lib_Lcd.c,155 :: 		
0x0144	0x8A82      	BSF         LCD_EN, BitPos(LCD_EN+0) 
;__Lib_Lcd.c,156 :: 		
0x0146	0xDF6A      	RCALL       _Delay_1us
;__Lib_Lcd.c,157 :: 		
0x0148	0x9A82      	BCF         LCD_EN, BitPos(LCD_EN+0) 
;__Lib_Lcd.c,159 :: 		
0x014A	0x8082      	BSF         LCD_D4, BitPos(LCD_D4+0) 
;__Lib_Lcd.c,160 :: 		
0x014C	0x8A82      	BSF         LCD_EN, BitPos(LCD_EN+0) 
;__Lib_Lcd.c,161 :: 		
0x014E	0xDF66      	RCALL       _Delay_1us
;__Lib_Lcd.c,162 :: 		
0x0150	0x9A82      	BCF         LCD_EN, BitPos(LCD_EN+0) 
;__Lib_Lcd.c,163 :: 		
0x0152	0xDF67      	RCALL       _Delay_5500us
;__Lib_Lcd.c,166 :: 		
0x0154	0x9082      	BCF         LCD_D4, BitPos(LCD_D4+0) 
;__Lib_Lcd.c,167 :: 		
0x0156	0x8A82      	BSF         LCD_EN, BitPos(LCD_EN+0) 
;__Lib_Lcd.c,168 :: 		
0x0158	0xDF61      	RCALL       _Delay_1us
;__Lib_Lcd.c,169 :: 		
0x015A	0x9A82      	BCF         LCD_EN, BitPos(LCD_EN+0) 
;__Lib_Lcd.c,171 :: 		
0x015C	0x8682      	BSF         LCD_D7, BitPos(LCD_D7+0) 
;__Lib_Lcd.c,172 :: 		
0x015E	0x8482      	BSF         LCD_D6, BitPos(LCD_D6+0) 
;__Lib_Lcd.c,173 :: 		
0x0160	0x8282      	BSF         LCD_D5, BitPos(LCD_D5+0) 
;__Lib_Lcd.c,174 :: 		
0x0162	0x8082      	BSF         LCD_D4, BitPos(LCD_D4+0) 
;__Lib_Lcd.c,175 :: 		
0x0164	0x8A82      	BSF         LCD_EN, BitPos(LCD_EN+0) 
;__Lib_Lcd.c,176 :: 		
0x0166	0xDF5A      	RCALL       _Delay_1us
;__Lib_Lcd.c,177 :: 		
0x0168	0x9A82      	BCF         LCD_EN, BitPos(LCD_EN+0) 
;__Lib_Lcd.c,179 :: 		
0x016A	0xDF5B      	RCALL       _Delay_5500us
;__Lib_Lcd.c,181 :: 		
0x016C	0x8048      	BSF         __Lib_Lcd_cmd_status, BitPos(__Lib_Lcd_cmd_status+0) 
;__Lib_Lcd.c,182 :: 		
L_end_Lcd_Init:
0x016E	0x0012      	RETURN      0
; end of _Lcd_Init
_Lcd_Out:
;__Lib_Lcd.c,184 :: 		
;__Lib_Lcd.c,187 :: 		
0x0170	0xD00F      	BRA         L_Lcd_Out11
;__Lib_Lcd.c,188 :: 		
L_Lcd_Out13:
0x0172	0x0E80      	MOVLW       128
0x0174	0x6E49      	MOVWF       FARG_Lcd_Out_row 
0x0176	0xD019      	BRA         L_Lcd_Out12
;__Lib_Lcd.c,189 :: 		
L_Lcd_Out14:
0x0178	0x0EC0      	MOVLW       192
0x017A	0x6E49      	MOVWF       FARG_Lcd_Out_row 
0x017C	0xD016      	BRA         L_Lcd_Out12
;__Lib_Lcd.c,190 :: 		
L_Lcd_Out15:
0x017E	0x0E94      	MOVLW       148
0x0180	0x6E49      	MOVWF       FARG_Lcd_Out_row 
0x0182	0xD013      	BRA         L_Lcd_Out12
;__Lib_Lcd.c,191 :: 		
L_Lcd_Out16:
0x0184	0x0ED4      	MOVLW       212
0x0186	0x6E49      	MOVWF       FARG_Lcd_Out_row 
0x0188	0xD010      	BRA         L_Lcd_Out12
;__Lib_Lcd.c,192 :: 		
L_Lcd_Out17:
0x018A	0x0E80      	MOVLW       128
0x018C	0x6E49      	MOVWF       FARG_Lcd_Out_row 
;__Lib_Lcd.c,193 :: 		
0x018E	0xD00D      	BRA         L_Lcd_Out12
L_Lcd_Out11:
0x0190	0x5049      	MOVF        FARG_Lcd_Out_row, 0 
0x0192	0x0A01      	XORLW       1
0x0194	0xE0EE      	BZ          L_Lcd_Out13
0x0196	0x5049      	MOVF        FARG_Lcd_Out_row, 0 
0x0198	0x0A02      	XORLW       2
0x019A	0xE0EE      	BZ          L_Lcd_Out14
0x019C	0x5049      	MOVF        FARG_Lcd_Out_row, 0 
0x019E	0x0A03      	XORLW       3
0x01A0	0xE0EE      	BZ          L_Lcd_Out15
0x01A2	0x5049      	MOVF        FARG_Lcd_Out_row, 0 
0x01A4	0x0A04      	XORLW       4
0x01A6	0xE0EE      	BZ          L_Lcd_Out16
0x01A8	0xD7F0      	BRA         L_Lcd_Out17
L_Lcd_Out12:
;__Lib_Lcd.c,194 :: 		
0x01AA	0x044A      	DECF        FARG_Lcd_Out_column, 0 
0x01AC	0x6E00      	MOVWF       R0 
0x01AE	0x5049      	MOVF        FARG_Lcd_Out_row, 0 
0x01B0	0x2600      	ADDWF       R0, 1 
0x01B2	0xF049C000  	MOVFF       R0, FARG_Lcd_Out_row
;__Lib_Lcd.c,196 :: 		
0x01B6	0xF04FC000  	MOVFF       R0, FARG_Lcd_Cmd_out_char
0x01BA	0xDF43      	RCALL       _Lcd_Cmd
;__Lib_Lcd.c,197 :: 		
0x01BC	0x9048      	BCF         __Lib_Lcd_cmd_status, BitPos(__Lib_Lcd_cmd_status+0) 
;__Lib_Lcd.c,198 :: 		
0x01BE	0x6A4D      	CLRF        Lcd_Out_i_L0 
;__Lib_Lcd.c,199 :: 		
L_Lcd_Out18:
0x01C0	0x504D      	MOVF        Lcd_Out_i_L0, 0 
0x01C2	0x244B      	ADDWF       FARG_Lcd_Out_text, 0 
0x01C4	0x6EE9      	MOVWF       FSR0L 
0x01C6	0x0E00      	MOVLW       0
0x01C8	0x204C      	ADDWFC      FARG_Lcd_Out_text+1, 0 
0x01CA	0x6EEA      	MOVWF       FSR0H 
0x01CC	0x52EE      	MOVF        POSTINC0, 1 
0x01CE	0xE00B      	BZ          L_Lcd_Out19
;__Lib_Lcd.c,200 :: 		
0x01D0	0x504D      	MOVF        Lcd_Out_i_L0, 0 
0x01D2	0x244B      	ADDWF       FARG_Lcd_Out_text, 0 
0x01D4	0x6EE9      	MOVWF       FSR0L 
0x01D6	0x0E00      	MOVLW       0
0x01D8	0x204C      	ADDWFC      FARG_Lcd_Out_text+1, 0 
0x01DA	0x6EEA      	MOVWF       FSR0H 
0x01DC	0xF04ECFEE  	MOVFF       POSTINC0, FARG_Lcd_Chr_CP_out_char
0x01E0	0xDF6E      	RCALL       _Lcd_Chr_CP
0x01E2	0x2A4D      	INCF        Lcd_Out_i_L0, 1 
0x01E4	0xD7ED      	BRA         L_Lcd_Out18
L_Lcd_Out19:
;__Lib_Lcd.c,201 :: 		
0x01E6	0x8048      	BSF         __Lib_Lcd_cmd_status, BitPos(__Lib_Lcd_cmd_status+0) 
;__Lib_Lcd.c,202 :: 		
L_end_Lcd_Out:
0x01E8	0x0012      	RETURN      0
; end of _Lcd_Out
_main:
0x01EA	0xF002EC1F  	CALL        1086, 0
;task2.c,18 :: 		void main() {
;task2.c,19 :: 		Lcd_Init();
0x01EE	0xDF75      	RCALL       _Lcd_Init
;task2.c,20 :: 		Lcd_Cmd(_LCD_CURSOR_OFF);
0x01F0	0x0E0C      	MOVLW       12
0x01F2	0x6E4F      	MOVWF       FARG_Lcd_Cmd_out_char 
0x01F4	0xDF26      	RCALL       _Lcd_Cmd
;task2.c,21 :: 		while(1){
L_main0:
;task2.c,23 :: 		for(i=1;i<=16;i++){
0x01F6	0x0E01      	MOVLW       1
0x01F8	0x6E46      	MOVWF       _i 
0x01FA	0x0E00      	MOVLW       0
0x01FC	0x6E47      	MOVWF       _i+1 
L_main2:
0x01FE	0x0E80      	MOVLW       128
0x0200	0x6E00      	MOVWF       R0 
0x0202	0x0E80      	MOVLW       128
0x0204	0x1847      	XORWF       _i+1, 0 
0x0206	0x5C00      	SUBWF       R0, 0 
0x0208	0xE102      	BNZ         L__main21
0x020A	0x5046      	MOVF        _i, 0 
0x020C	0x0810      	SUBLW       16
L__main21:
0x020E	0xA0D8      	BTFSS       STATUS, 0 
0x0210	0xD06C      	BRA         L_main3
;task2.c,25 :: 		Lcd_Out(1,i,"Hello");
0x0212	0x0E01      	MOVLW       1
0x0214	0x6E49      	MOVWF       FARG_Lcd_Out_row 
0x0216	0xF04AC046  	MOVFF       _i, FARG_Lcd_Out_column
0x021A	0x0E23      	MOVLW       ?lstr1_task2
0x021C	0x6E4B      	MOVWF       FARG_Lcd_Out_text 
0x021E	0x0E00      	MOVLW       hi_addr(?lstr1_task2)
0x0220	0x6E4C      	MOVWF       FARG_Lcd_Out_text+1 
0x0222	0xDFA6      	RCALL       _Lcd_Out
;task2.c,26 :: 		Delay_ms(200);
0x0224	0x0E03      	MOVLW       3
0x0226	0x6E0B      	MOVWF       R11, 0
0x0228	0x0E08      	MOVLW       8
0x022A	0x6E0C      	MOVWF       R12, 0
0x022C	0x0E77      	MOVLW       119
0x022E	0x6E0D      	MOVWF       R13, 0
L_main5:
0x0230	0x2E0D      	DECFSZ      R13, 1, 0
0x0232	0xD7FE      	BRA         L_main5
0x0234	0x2E0C      	DECFSZ      R12, 1, 0
0x0236	0xD7FC      	BRA         L_main5
0x0238	0x2E0B      	DECFSZ      R11, 1, 0
0x023A	0xD7FA      	BRA         L_main5
;task2.c,27 :: 		Lcd_Out(1,i," ");
0x023C	0x0E01      	MOVLW       1
0x023E	0x6E49      	MOVWF       FARG_Lcd_Out_row 
0x0240	0xF04AC046  	MOVFF       _i, FARG_Lcd_Out_column
0x0244	0x0E2B      	MOVLW       ?lstr2_task2
0x0246	0x6E4B      	MOVWF       FARG_Lcd_Out_text 
0x0248	0x0E00      	MOVLW       hi_addr(?lstr2_task2)
0x024A	0x6E4C      	MOVWF       FARG_Lcd_Out_text+1 
0x024C	0xDF91      	RCALL       _Lcd_Out
;task2.c,29 :: 		if(i==12)
0x024E	0x0E00      	MOVLW       0
0x0250	0x1847      	XORWF       _i+1, 0 
0x0252	0xE102      	BNZ         L__main22
0x0254	0x0E0C      	MOVLW       12
0x0256	0x1846      	XORWF       _i, 0 
L__main22:
0x0258	0xE109      	BNZ         L_main6
;task2.c,31 :: 		Lcd_Out(2,16,"o");
0x025A	0x0E02      	MOVLW       2
0x025C	0x6E49      	MOVWF       FARG_Lcd_Out_row 
0x025E	0x0E10      	MOVLW       16
0x0260	0x6E4A      	MOVWF       FARG_Lcd_Out_column 
0x0262	0x0E29      	MOVLW       ?lstr3_task2
0x0264	0x6E4B      	MOVWF       FARG_Lcd_Out_text 
0x0266	0x0E00      	MOVLW       hi_addr(?lstr3_task2)
0x0268	0x6E4C      	MOVWF       FARG_Lcd_Out_text+1 
0x026A	0xDF82      	RCALL       _Lcd_Out
;task2.c,32 :: 		}
L_main6:
;task2.c,33 :: 		if(i==13)
0x026C	0x0E00      	MOVLW       0
0x026E	0x1847      	XORWF       _i+1, 0 
0x0270	0xE102      	BNZ         L__main23
0x0272	0x0E0D      	MOVLW       13
0x0274	0x1846      	XORWF       _i, 0 
L__main23:
0x0276	0xE109      	BNZ         L_main7
;task2.c,35 :: 		Lcd_Out(2,15,"l");
0x0278	0x0E02      	MOVLW       2
0x027A	0x6E49      	MOVWF       FARG_Lcd_Out_row 
0x027C	0x0E0F      	MOVLW       15
0x027E	0x6E4A      	MOVWF       FARG_Lcd_Out_column 
0x0280	0x0E17      	MOVLW       ?lstr4_task2
0x0282	0x6E4B      	MOVWF       FARG_Lcd_Out_text 
0x0284	0x0E00      	MOVLW       hi_addr(?lstr4_task2)
0x0286	0x6E4C      	MOVWF       FARG_Lcd_Out_text+1 
0x0288	0xDF73      	RCALL       _Lcd_Out
;task2.c,36 :: 		}
L_main7:
;task2.c,37 :: 		if(i==14)
0x028A	0x0E00      	MOVLW       0
0x028C	0x1847      	XORWF       _i+1, 0 
0x028E	0xE102      	BNZ         L__main24
0x0290	0x0E0E      	MOVLW       14
0x0292	0x1846      	XORWF       _i, 0 
L__main24:
0x0294	0xE109      	BNZ         L_main8
;task2.c,39 :: 		Lcd_Out(2,14,"l");
0x0296	0x0E02      	MOVLW       2
0x0298	0x6E49      	MOVWF       FARG_Lcd_Out_row 
0x029A	0x0E0E      	MOVLW       14
0x029C	0x6E4A      	MOVWF       FARG_Lcd_Out_column 
0x029E	0x0E15      	MOVLW       ?lstr5_task2
0x02A0	0x6E4B      	MOVWF       FARG_Lcd_Out_text 
0x02A2	0x0E00      	MOVLW       hi_addr(?lstr5_task2)
0x02A4	0x6E4C      	MOVWF       FARG_Lcd_Out_text+1 
0x02A6	0xDF64      	RCALL       _Lcd_Out
;task2.c,40 :: 		}
L_main8:
;task2.c,41 :: 		if(i==15)
0x02A8	0x0E00      	MOVLW       0
0x02AA	0x1847      	XORWF       _i+1, 0 
0x02AC	0xE102      	BNZ         L__main25
0x02AE	0x0E0F      	MOVLW       15
0x02B0	0x1846      	XORWF       _i, 0 
L__main25:
0x02B2	0xE109      	BNZ         L_main9
;task2.c,43 :: 		Lcd_Out(2,13,"e");
0x02B4	0x0E02      	MOVLW       2
0x02B6	0x6E49      	MOVWF       FARG_Lcd_Out_row 
0x02B8	0x0E0D      	MOVLW       13
0x02BA	0x6E4A      	MOVWF       FARG_Lcd_Out_column 
0x02BC	0x0E19      	MOVLW       ?lstr6_task2
0x02BE	0x6E4B      	MOVWF       FARG_Lcd_Out_text 
0x02C0	0x0E00      	MOVLW       hi_addr(?lstr6_task2)
0x02C2	0x6E4C      	MOVWF       FARG_Lcd_Out_text+1 
0x02C4	0xDF55      	RCALL       _Lcd_Out
;task2.c,44 :: 		}
L_main9:
;task2.c,45 :: 		if(i==16)
0x02C6	0x0E00      	MOVLW       0
0x02C8	0x1847      	XORWF       _i+1, 0 
0x02CA	0xE102      	BNZ         L__main26
0x02CC	0x0E10      	MOVLW       16
0x02CE	0x1846      	XORWF       _i, 0 
L__main26:
0x02D0	0xE109      	BNZ         L_main10
;task2.c,47 :: 		Lcd_Out(2,12,"H");
0x02D2	0x0E02      	MOVLW       2
0x02D4	0x6E49      	MOVWF       FARG_Lcd_Out_row 
0x02D6	0x0E0C      	MOVLW       12
0x02D8	0x6E4A      	MOVWF       FARG_Lcd_Out_column 
0x02DA	0x0E21      	MOVLW       ?lstr7_task2
0x02DC	0x6E4B      	MOVWF       FARG_Lcd_Out_text 
0x02DE	0x0E00      	MOVLW       hi_addr(?lstr7_task2)
0x02E0	0x6E4C      	MOVWF       FARG_Lcd_Out_text+1 
0x02E2	0xDF46      	RCALL       _Lcd_Out
;task2.c,48 :: 		}
L_main10:
;task2.c,23 :: 		for(i=1;i<=16;i++){
0x02E4	0x4A46      	INFSNZ      _i, 1 
0x02E6	0x2A47      	INCF        _i+1, 1 
;task2.c,52 :: 		}
0x02E8	0xD78A      	BRA         L_main2
L_main3:
;task2.c,53 :: 		Lcd_Out(2,13,"     ");
0x02EA	0x0E02      	MOVLW       2
0x02EC	0x6E49      	MOVWF       FARG_Lcd_Out_row 
0x02EE	0x0E0D      	MOVLW       13
0x02F0	0x6E4A      	MOVWF       FARG_Lcd_Out_column 
0x02F2	0x0E1B      	MOVLW       ?lstr8_task2
0x02F4	0x6E4B      	MOVWF       FARG_Lcd_Out_text 
0x02F6	0x0E00      	MOVLW       hi_addr(?lstr8_task2)
0x02F8	0x6E4C      	MOVWF       FARG_Lcd_Out_text+1 
0x02FA	0xDF3A      	RCALL       _Lcd_Out
;task2.c,65 :: 		for(i=11;i>=-4;i--){
0x02FC	0x0E0B      	MOVLW       11
0x02FE	0x6E46      	MOVWF       _i 
0x0300	0x0E00      	MOVLW       0
0x0302	0x6E47      	MOVWF       _i+1 
L_main11:
0x0304	0x0E80      	MOVLW       128
0x0306	0x1847      	XORWF       _i+1, 0 
0x0308	0x6E00      	MOVWF       R0 
0x030A	0x0E7F      	MOVLW       127
0x030C	0x5C00      	SUBWF       R0, 0 
0x030E	0xE102      	BNZ         L__main27
0x0310	0x0EFC      	MOVLW       252
0x0312	0x5C46      	SUBWF       _i, 0 
L__main27:
0x0314	0xA0D8      	BTFSS       STATUS, 0 
0x0316	0xD06F      	BRA         L_main12
;task2.c,66 :: 		Lcd_Out(2,i,"Hello");
0x0318	0x0E02      	MOVLW       2
0x031A	0x6E49      	MOVWF       FARG_Lcd_Out_row 
0x031C	0xF04AC046  	MOVFF       _i, FARG_Lcd_Out_column
0x0320	0x0E3C      	MOVLW       ?lstr9_task2
0x0322	0x6E4B      	MOVWF       FARG_Lcd_Out_text 
0x0324	0x0E00      	MOVLW       hi_addr(?lstr9_task2)
0x0326	0x6E4C      	MOVWF       FARG_Lcd_Out_text+1 
0x0328	0xDF23      	RCALL       _Lcd_Out
;task2.c,70 :: 		if(i==0)
0x032A	0x0E00      	MOVLW       0
0x032C	0x1847      	XORWF       _i+1, 0 
0x032E	0xE102      	BNZ         L__main28
0x0330	0x0E00      	MOVLW       0
0x0332	0x1846      	XORWF       _i, 0 
L__main28:
0x0334	0xE109      	BNZ         L_main14
;task2.c,72 :: 		Lcd_Out(1,1,"H");
0x0336	0x0E01      	MOVLW       1
0x0338	0x6E49      	MOVWF       FARG_Lcd_Out_row 
0x033A	0x0E01      	MOVLW       1
0x033C	0x6E4A      	MOVWF       FARG_Lcd_Out_column 
0x033E	0x0E3A      	MOVLW       ?lstr10_task2
0x0340	0x6E4B      	MOVWF       FARG_Lcd_Out_text 
0x0342	0x0E00      	MOVLW       hi_addr(?lstr10_task2)
0x0344	0x6E4C      	MOVWF       FARG_Lcd_Out_text+1 
0x0346	0xDF14      	RCALL       _Lcd_Out
;task2.c,73 :: 		}
L_main14:
;task2.c,74 :: 		if(i==-1)
0x0348	0x0EFF      	MOVLW       255
0x034A	0x1847      	XORWF       _i+1, 0 
0x034C	0xE102      	BNZ         L__main29
0x034E	0x0EFF      	MOVLW       255
0x0350	0x1846      	XORWF       _i, 0 
L__main29:
0x0352	0xE109      	BNZ         L_main15
;task2.c,76 :: 		Lcd_Out(1,2,"e");
0x0354	0x0E01      	MOVLW       1
0x0356	0x6E49      	MOVWF       FARG_Lcd_Out_row 
0x0358	0x0E02      	MOVLW       2
0x035A	0x6E4A      	MOVWF       FARG_Lcd_Out_column 
0x035C	0x0E44      	MOVLW       ?lstr11_task2
0x035E	0x6E4B      	MOVWF       FARG_Lcd_Out_text 
0x0360	0x0E00      	MOVLW       hi_addr(?lstr11_task2)
0x0362	0x6E4C      	MOVWF       FARG_Lcd_Out_text+1 
0x0364	0xDF05      	RCALL       _Lcd_Out
;task2.c,77 :: 		}
L_main15:
;task2.c,78 :: 		if(i==-2)
0x0366	0x0EFF      	MOVLW       255
0x0368	0x1847      	XORWF       _i+1, 0 
0x036A	0xE102      	BNZ         L__main30
0x036C	0x0EFE      	MOVLW       254
0x036E	0x1846      	XORWF       _i, 0 
L__main30:
0x0370	0xE109      	BNZ         L_main16
;task2.c,80 :: 		Lcd_Out(1,3,"l");
0x0372	0x0E01      	MOVLW       1
0x0374	0x6E49      	MOVWF       FARG_Lcd_Out_row 
0x0376	0x0E03      	MOVLW       3
0x0378	0x6E4A      	MOVWF       FARG_Lcd_Out_column 
0x037A	0x0E42      	MOVLW       ?lstr12_task2
0x037C	0x6E4B      	MOVWF       FARG_Lcd_Out_text 
0x037E	0x0E00      	MOVLW       hi_addr(?lstr12_task2)
0x0380	0x6E4C      	MOVWF       FARG_Lcd_Out_text+1 
0x0382	0xDEF6      	RCALL       _Lcd_Out
;task2.c,81 :: 		}
L_main16:
;task2.c,82 :: 		if(i==-3)
0x0384	0x0EFF      	MOVLW       255
0x0386	0x1847      	XORWF       _i+1, 0 
0x0388	0xE102      	BNZ         L__main31
0x038A	0x0EFD      	MOVLW       253
0x038C	0x1846      	XORWF       _i, 0 
L__main31:
0x038E	0xE109      	BNZ         L_main17
;task2.c,84 :: 		Lcd_Out(1,4,"l");
0x0390	0x0E01      	MOVLW       1
0x0392	0x6E49      	MOVWF       FARG_Lcd_Out_row 
0x0394	0x0E04      	MOVLW       4
0x0396	0x6E4A      	MOVWF       FARG_Lcd_Out_column 
0x0398	0x0E2F      	MOVLW       ?lstr13_task2
0x039A	0x6E4B      	MOVWF       FARG_Lcd_Out_text 
0x039C	0x0E00      	MOVLW       hi_addr(?lstr13_task2)
0x039E	0x6E4C      	MOVWF       FARG_Lcd_Out_text+1 
0x03A0	0xDEE7      	RCALL       _Lcd_Out
;task2.c,85 :: 		}
L_main17:
;task2.c,86 :: 		if(i==-4)
0x03A2	0x0EFF      	MOVLW       255
0x03A4	0x1847      	XORWF       _i+1, 0 
0x03A6	0xE102      	BNZ         L__main32
0x03A8	0x0EFC      	MOVLW       252
0x03AA	0x1846      	XORWF       _i, 0 
L__main32:
0x03AC	0xE109      	BNZ         L_main18
;task2.c,88 :: 		Lcd_Out(1,5,"o");
0x03AE	0x0E01      	MOVLW       1
0x03B0	0x6E49      	MOVWF       FARG_Lcd_Out_row 
0x03B2	0x0E05      	MOVLW       5
0x03B4	0x6E4A      	MOVWF       FARG_Lcd_Out_column 
0x03B6	0x0E2D      	MOVLW       ?lstr14_task2
0x03B8	0x6E4B      	MOVWF       FARG_Lcd_Out_text 
0x03BA	0x0E00      	MOVLW       hi_addr(?lstr14_task2)
0x03BC	0x6E4C      	MOVWF       FARG_Lcd_Out_text+1 
0x03BE	0xDED8      	RCALL       _Lcd_Out
;task2.c,89 :: 		}
L_main18:
;task2.c,90 :: 		Delay_ms(200);
0x03C0	0x0E03      	MOVLW       3
0x03C2	0x6E0B      	MOVWF       R11, 0
0x03C4	0x0E08      	MOVLW       8
0x03C6	0x6E0C      	MOVWF       R12, 0
0x03C8	0x0E77      	MOVLW       119
0x03CA	0x6E0D      	MOVWF       R13, 0
L_main19:
0x03CC	0x2E0D      	DECFSZ      R13, 1, 0
0x03CE	0xD7FE      	BRA         L_main19
0x03D0	0x2E0C      	DECFSZ      R12, 1, 0
0x03D2	0xD7FC      	BRA         L_main19
0x03D4	0x2E0B      	DECFSZ      R11, 1, 0
0x03D6	0xD7FA      	BRA         L_main19
;task2.c,91 :: 		Lcd_Out(2,i+4,"  ");
0x03D8	0x0E02      	MOVLW       2
0x03DA	0x6E49      	MOVWF       FARG_Lcd_Out_row 
0x03DC	0x0E04      	MOVLW       4
0x03DE	0x2446      	ADDWF       _i, 0 
0x03E0	0x6E4A      	MOVWF       FARG_Lcd_Out_column 
0x03E2	0x0E37      	MOVLW       ?lstr15_task2
0x03E4	0x6E4B      	MOVWF       FARG_Lcd_Out_text 
0x03E6	0x0E00      	MOVLW       hi_addr(?lstr15_task2)
0x03E8	0x6E4C      	MOVWF       FARG_Lcd_Out_text+1 
0x03EA	0xDEC2      	RCALL       _Lcd_Out
;task2.c,65 :: 		for(i=11;i>=-4;i--){
0x03EC	0x0E01      	MOVLW       1
0x03EE	0x5E46      	SUBWF       _i, 1 
0x03F0	0x0E00      	MOVLW       0
0x03F2	0x5A47      	SUBWFB      _i+1, 1 
;task2.c,92 :: 		}
0x03F4	0xD787      	BRA         L_main11
L_main12:
;task2.c,93 :: 		Lcd_Out(2,1,"     ");
0x03F6	0x0E02      	MOVLW       2
0x03F8	0x6E49      	MOVWF       FARG_Lcd_Out_row 
0x03FA	0x0E01      	MOVLW       1
0x03FC	0x6E4A      	MOVWF       FARG_Lcd_Out_column 
0x03FE	0x0E31      	MOVLW       ?lstr16_task2
0x0400	0x6E4B      	MOVWF       FARG_Lcd_Out_text 
0x0402	0x0E00      	MOVLW       hi_addr(?lstr16_task2)
0x0404	0x6E4C      	MOVWF       FARG_Lcd_Out_text+1 
0x0406	0xDEB4      	RCALL       _Lcd_Out
;task2.c,96 :: 		}
0x0408	0xD6F6      	BRA         L_main0
;task2.c,97 :: 		}
L_end_main:
0x040A	0xD7FF      	BRA         $+0
; end of _main
0x043E	0xF015EE10  	LFSR        1, 21
0x0442	0x0E31      	MOVLW       49
0x0444	0x6E00      	MOVWF       R0 
0x0446	0x0E01      	MOVLW       1
0x0448	0x6E01      	MOVWF       R1 
0x044A	0x0E0C      	MOVLW       12
0x044C	0x6EF6      	MOVWF       4086 
0x044E	0x0E04      	MOVLW       4
0x0450	0x6EF7      	MOVWF       TBLPTRH 
0x0452	0x0E00      	MOVLW       0
0x0454	0x6EF8      	MOVWF       TBLPTRU 
0x0456	0xF000EC65  	CALL        202, 0
0x045A	0x0012      	RETURN      0
;task2.c,0 :: ?ICS?lstr5_task2
0x040C	0x006C ;?ICS?lstr5_task2+0
; end of ?ICS?lstr5_task2
;task2.c,0 :: ?ICS?lstr4_task2
0x040E	0x006C ;?ICS?lstr4_task2+0
; end of ?ICS?lstr4_task2
;task2.c,0 :: ?ICS?lstr6_task2
0x0410	0x0065 ;?ICS?lstr6_task2+0
; end of ?ICS?lstr6_task2
;task2.c,0 :: ?ICS?lstr8_task2
0x0412	0x2020 ;?ICS?lstr8_task2+0
0x0414	0x2020 ;?ICS?lstr8_task2+2
0x0416	0x0020 ;?ICS?lstr8_task2+4
; end of ?ICS?lstr8_task2
;task2.c,0 :: ?ICS?lstr7_task2
0x0418	0x0048 ;?ICS?lstr7_task2+0
; end of ?ICS?lstr7_task2
;task2.c,0 :: ?ICS?lstr1_task2
0x041A	0x6548 ;?ICS?lstr1_task2+0
0x041C	0x6C6C ;?ICS?lstr1_task2+2
0x041E	0x006F ;?ICS?lstr1_task2+4
; end of ?ICS?lstr1_task2
;task2.c,0 :: ?ICS?lstr3_task2
0x0420	0x006F ;?ICS?lstr3_task2+0
; end of ?ICS?lstr3_task2
;task2.c,0 :: ?ICS?lstr2_task2
0x0422	0x0020 ;?ICS?lstr2_task2+0
; end of ?ICS?lstr2_task2
;task2.c,0 :: ?ICS?lstr14_task2
0x0424	0x006F ;?ICS?lstr14_task2+0
; end of ?ICS?lstr14_task2
;task2.c,0 :: ?ICS?lstr13_task2
0x0426	0x006C ;?ICS?lstr13_task2+0
; end of ?ICS?lstr13_task2
;task2.c,0 :: ?ICS?lstr16_task2
0x0428	0x2020 ;?ICS?lstr16_task2+0
0x042A	0x2020 ;?ICS?lstr16_task2+2
0x042C	0x0020 ;?ICS?lstr16_task2+4
; end of ?ICS?lstr16_task2
;task2.c,0 :: ?ICS?lstr15_task2
0x042E	0x2020 ;?ICS?lstr15_task2+0
0x0430	0x00 ;?ICS?lstr15_task2+2
; end of ?ICS?lstr15_task2
;task2.c,0 :: ?ICS?lstr10_task2
0x0431	0x0048 ;?ICS?lstr10_task2+0
; end of ?ICS?lstr10_task2
;task2.c,0 :: ?ICS?lstr9_task2
0x0433	0x6548 ;?ICS?lstr9_task2+0
0x0435	0x6C6C ;?ICS?lstr9_task2+2
0x0437	0x006F ;?ICS?lstr9_task2+4
; end of ?ICS?lstr9_task2
;task2.c,0 :: ?ICS?lstr12_task2
0x0439	0x006C ;?ICS?lstr12_task2+0
; end of ?ICS?lstr12_task2
;task2.c,0 :: ?ICS?lstr11_task2
0x043B	0x0065 ;?ICS?lstr11_task2+0
; end of ?ICS?lstr11_task2
Symbol List:
//** Routines locations **
//ADDRESS    SIZE    PROCEDURE
//----------------------------------------------
0x001C       [6]    _Delay_1us
0x0022      [22]    _Delay_5500us
0x0038      [10]    _Delay_50us
0x0042     [124]    _Lcd_Cmd
0x00BE      [12]    _Lcd_Chr_CP
0x00CA      [16]    ___CC2DW
0x00DA     [150]    _Lcd_Init
0x0170     [122]    _Lcd_Out
0x01EA     [546]    _main
//** Variables locations ** 
//ADDRESS    SIZE    VARIABLE
//----------------------------------------------
0x0000       [1]    UART1_Init_tmp_L0
0x0000       [1]    __Lib_SoftI2C_PutZerosToLATScl_temp_scl_L0
0x0000       [1]    FLASH_Erase_64_SaveINTCON_L0
0x0000       [1]    EEPROM_Write_SaveINTCON_L0
0x0000       [1]    __Lib_SoftI2C_PutZerosToLATSda_temp_sda_L0
0x0000       [1]    SPI1_Write_tmp_L0
0x0000       [1]    R0
0x0001       [2]    FLASH_Read_N_Bytes_i_L0
0x0001       [1]    __Lib_TFT_JPEG_FileReadBytes_Result_L0
0x0001       [1]    __Lib_PS2_Wait_Falling_nsample_L0
0x0001       [1]    FLASH_Erase_Write_64_i_L0
0x0001       [1]    UART1_Read___tmp_UART1_Read_L0
0x0001       [1]    ispunct_rslt_L0
0x0001       [1]    I2C1_Rd_tmp_L0
0x0001       [1]    __Lib_TFT_JPEG_FileRead_i_L0
0x0001       [1]    R1
0x0001       [1]    FLASH_Write_64_i_L0
0x0001       [1]    __Lib_TFT_16bit_JPEG_FileReadBytes_Result_L0
0x0001       [1]    __Lib_TFT_16bit_JPEG_FileRead_i_L0
0x0002       [1]    FLASH_Write_64_SaveINTCON_L0
0x0002       [2]    memcpy_dd_L0
0x0002       [2]    memset_pp_L0
0x0002       [1]    R2
0x0002       [2]    memchr_s_L0
0x0002       [1]    FLASH_Erase_Write_64_j_L0
0x0002       [2]    strlen_cp_L0
0x0003       [2]    memmove_tt_L0
0x0003       [2]    MM_TotalFreeMemSize_Tot_L0
0x0003       [1]    __Lib_Sprinti_?FLOC____Lib_Sprinti_Do_FillT29
0x0003       [1]    FLASH_Erase_Write_64_SaveINTCON_L0
0x0003       [2]    __Lib_MmcFat16_f16_toInt_l_L0
0x0003       [1]    R3
0x0003       [1]    MM_Init_i_L0
0x0003       [2]    Ltrim_original_L0
0x0004       [1]    R4
0x0004       [1]    __Lib_Sprinti_?FLOC____Lib_Sprinti_Do_FillT40
0x0004       [2]    __Lib_MemManager_MM_GetMemAlign_P_L0
0x0004       [2]    strcat_cp_L0
0x0004       [2]    memcpy_ss_L0
0x0004       [2]    strncpy_cp_L0
0x0004       [2]    strcpy_cp_L0
0x0004       [2]    strncat_cp_L0
0x0004       [2]    frexp_pom_L0
0x0005       [2]    LongWordToHex_input_half_L0
0x0005       [2]    memmove_ff_L0
0x0005       [1]    R5
0x0005       [2]    Ltrim_p_L0
0x0005       [1]    MM_TotalFreeMemSize_i_L0
0x0005       [2]    LongIntToHex_input_half_L0
0x0005       [1]    __Lib_Sprinti_?FLOC____Lib_Sprinti_Do_FillT54
0x0006       [1]    __Lib_MemManager_MM_GetMemAlign_i_L0
0x0006       [1]    __Lib_Sprinti_?FLOC____Lib_Sprinti_Do_FillT69
0x0006       [1]    R6
0x0007       [1]    __Lib_TFT_JPEG_GenerateHuffmanTables_bLength_L0
0x0007       [1]    __Lib_TFT_16bit_JPEG_GenerateHuffmanTables_bLength_L0
0x0007       [1]    R7
0x0008       [1]    __Lib_TFT_JPEG_GenerateHuffmanTables_bTable_L0
0x0008       [1]    __Lib_TFT_16bit_JPEG_GenerateHuffmanTables_bTable_L0
0x0008       [1]    R8
0x0009       [4]    __Lib_MmcFat16_f16_toLong_l_L0
0x0009       [1]    R9
0x000A       [1]    R10
0x000B       [1]    R11
0x000C       [1]    R12
0x000D       [1]    R13
0x000E       [1]    R14
0x000F       [1]    R15
0x0010       [1]    R16
0x0011       [1]    R17
0x0012       [1]    R18
0x0013       [1]    R19
0x0014       [1]    R20
0x0015       [2]    ?lstr5_task2
0x0017       [2]    ?lstr4_task2
0x0019       [2]    ?lstr6_task2
0x001B       [6]    ?lstr8_task2
0x0021       [2]    ?lstr7_task2
0x0023       [6]    ?lstr1_task2
0x0029       [2]    ?lstr3_task2
0x002B       [2]    ?lstr2_task2
0x002D       [2]    ?lstr14_task2
0x002F       [2]    ?lstr13_task2
0x0031       [6]    ?lstr16_task2
0x0037       [3]    ?lstr15_task2
0x003A       [2]    ?lstr10_task2
0x003C       [6]    ?lstr9_task2
0x0042       [2]    ?lstr12_task2
0x0044       [2]    ?lstr11_task2
0x0046       [2]    _i
0x0048       [0]    __Lib_Lcd_cmd_status
0x0049       [1]    FARG_Lcd_Out_row
0x004A       [1]    FARG_Lcd_Out_column
0x004B       [2]    FARG_Lcd_Out_text
0x004D       [1]    Lcd_Out_i_L0
0x004E       [1]    FARG_Lcd_Chr_CP_out_char
0x004F       [1]    FARG_Lcd_Cmd_out_char
0x0F82       [0]    LCD_RS
0x0F82       [0]    RC5_bit
0x0F82       [0]    RC4_bit
0x0F82       [0]    RC1_bit
0x0F82       [0]    RC0_bit
0x0F82       [0]    RC3_bit
0x0F82       [0]    RC2_bit
0x0F82       [0]    LCD_D7
0x0F82       [0]    LCD_D6
0x0F82       [0]    LCD_EN
0x0F82       [0]    LCD_D4
0x0F82       [0]    LCD_D5
0x0F94       [0]    LCD_RS_Direction
0x0F94       [0]    TRISC3_bit
0x0F94       [0]    TRISC4_bit
0x0F94       [0]    TRISC5_bit
0x0F94       [0]    LCD_D5_Direction
0x0F94       [0]    LCD_D4_Direction
0x0F94       [0]    LCD_EN_Direction
0x0F94       [0]    LCD_D7_Direction
0x0F94       [0]    LCD_D6_Direction
0x0F94       [0]    TRISC0_bit
0x0F94       [0]    TRISC1_bit
0x0F94       [0]    TRISC2_bit
0x0FD8       [1]    STATUS
0x0FD9       [1]    FSR2L
0x0FDA       [1]    FSR2H
0x0FDE       [1]    POSTINC2
0x0FE0       [1]    BSR
0x0FE1       [1]    FSR1L
0x0FE2       [1]    FSR1H
0x0FE4       [1]    PREINC1
0x0FE6       [1]    POSTINC1
0x0FE7       [1]    INDF1
0x0FE8       [1]    WREG
0x0FE9       [1]    FSR0L
0x0FEA       [1]    FSR0H
0x0FEE       [1]    POSTINC0
0x0FF3       [1]    PRODL
0x0FF4       [1]    PRODH
0x0FF5       [1]    TABLAT
0x0FF6       [1]    TBLPTRL
0x0FF7       [1]    TBLPTRH
0x0FF8       [1]    TBLPTRU
//** Constants locations ** 
//ADDRESS    SIZE    CONSTANT
//----------------------------------------------
0x040C       [2]    ?ICS?lstr5_task2
0x040E       [2]    ?ICS?lstr4_task2
0x0410       [2]    ?ICS?lstr6_task2
0x0412       [6]    ?ICS?lstr8_task2
0x0418       [2]    ?ICS?lstr7_task2
0x041A       [6]    ?ICS?lstr1_task2
0x0420       [2]    ?ICS?lstr3_task2
0x0422       [2]    ?ICS?lstr2_task2
0x0424       [2]    ?ICS?lstr14_task2
0x0426       [2]    ?ICS?lstr13_task2
0x0428       [6]    ?ICS?lstr16_task2
0x042E       [3]    ?ICS?lstr15_task2
0x0431       [2]    ?ICS?lstr10_task2
0x0433       [6]    ?ICS?lstr9_task2
0x0439       [2]    ?ICS?lstr12_task2
0x043B       [2]    ?ICS?lstr11_task2
